<?xml version="1.0" encoding="UTF-8"?>
<!-- Generated by org.testng.reporters.JUnitReportReporter -->
<testsuite skipped="25" hostname="Anikas-MacBook-Pro.local" name="testamazonpages.TestHomePageAmazon" tests="26" failures="0" timestamp="23 Mar 2019 20:52:26 GMT" time="28.988" errors="1">
  <testcase name="testAdFeedbackWindow" time="0.000" classname="testamazonpages.TestHomePageAmazon">
    <skipped/>
  </testcase> <!-- testAdFeedbackWindow -->
  <testcase name="setUp" time="28.988" classname="testamazonpages.TestHomePageAmazon">
    <error type="org.openqa.selenium.TimeoutException" message="timeout
  (Session info: chrome=72.0.3626.121)
  (Driver info: chromedriver=2.46.628411 (3324f4c8be9ff2f70a05a30ebc72ffb013e1a71e),platform=Mac OS X 10.13.4 x86_64) (WARNING: The server did not provide any stacktrace information)
Command duration or timeout: 0 milliseconds
Build info: version: &#039;3.141.59&#039;, revision: &#039;e82be7d358&#039;, time: &#039;2018-11-14T08:17:03&#039;
System info: host: &#039;Anikas-MacBook-Pro.local&#039;, ip: &#039;fe80:0:0:0:84:2914:1bb2:9d66%en0&#039;, os.name: &#039;Mac OS X&#039;, os.arch: &#039;x86_64&#039;, os.version: &#039;10.13.4&#039;, java.version: &#039;1.8.0_201&#039;
Driver info: org.openqa.selenium.chrome.ChromeDriver
Capabilities {acceptInsecureCerts: false, acceptSslCerts: false, applicationCacheEnabled: false, browserConnectionEnabled: false, browserName: chrome, chrome: {chromedriverVersion: 2.46.628411 (3324f4c8be9ff2..., userDataDir: /var/folders/j8/9j82nn7s3_7...}, cssSelectorsEnabled: true, databaseEnabled: false, goog:chromeOptions: {debuggerAddress: localhost:55980}, handlesAlerts: true, hasTouchScreen: false, javascriptEnabled: true, locationContextEnabled: true, mobileEmulationEnabled: false, nativeEvents: true, networkConnectionEnabled: false, pageLoadStrategy: normal, platform: MAC, platformName: MAC, proxy: Proxy(), rotatable: false, setWindowRect: true, strictFileInteractability: false, takesHeapSnapshot: true, takesScreenshot: true, timeouts: {implicit: 0, pageLoad: 300000, script: 30000}, unexpectedAlertBehaviour: ignore, unhandledPromptBehavior: ignore, version: 72.0.3626.121, webStorageEnabled: true}
Session ID: 0da5ba5296cee0114b88584b05af8163">
      <![CDATA[org.openqa.selenium.TimeoutException: timeout
  (Session info: chrome=72.0.3626.121)
  (Driver info: chromedriver=2.46.628411 (3324f4c8be9ff2f70a05a30ebc72ffb013e1a71e),platform=Mac OS X 10.13.4 x86_64) (WARNING: The server did not provide any stacktrace information)
Command duration or timeout: 0 milliseconds
Build info: version: '3.141.59', revision: 'e82be7d358', time: '2018-11-14T08:17:03'
System info: host: 'Anikas-MacBook-Pro.local', ip: 'fe80:0:0:0:84:2914:1bb2:9d66%en0', os.name: 'Mac OS X', os.arch: 'x86_64', os.version: '10.13.4', java.version: '1.8.0_201'
Driver info: org.openqa.selenium.chrome.ChromeDriver
Capabilities {acceptInsecureCerts: false, acceptSslCerts: false, applicationCacheEnabled: false, browserConnectionEnabled: false, browserName: chrome, chrome: {chromedriverVersion: 2.46.628411 (3324f4c8be9ff2..., userDataDir: /var/folders/j8/9j82nn7s3_7...}, cssSelectorsEnabled: true, databaseEnabled: false, goog:chromeOptions: {debuggerAddress: localhost:55980}, handlesAlerts: true, hasTouchScreen: false, javascriptEnabled: true, locationContextEnabled: true, mobileEmulationEnabled: false, nativeEvents: true, networkConnectionEnabled: false, pageLoadStrategy: normal, platform: MAC, platformName: MAC, proxy: Proxy(), rotatable: false, setWindowRect: true, strictFileInteractability: false, takesHeapSnapshot: true, takesScreenshot: true, timeouts: {implicit: 0, pageLoad: 300000, script: 30000}, unexpectedAlertBehaviour: ignore, unhandledPromptBehavior: ignore, version: 72.0.3626.121, webStorageEnabled: true}
Session ID: 0da5ba5296cee0114b88584b05af8163
at sun.reflect.NativeConstructorAccessorImpl.newInstance0(Native Method)
at sun.reflect.NativeConstructorAccessorImpl.newInstance(NativeConstructorAccessorImpl.java:62)
at sun.reflect.DelegatingConstructorAccessorImpl.newInstance(DelegatingConstructorAccessorImpl.java:45)
at java.lang.reflect.Constructor.newInstance(Constructor.java:423)
at org.openqa.selenium.remote.ErrorHandler.createThrowable(ErrorHandler.java:214)
at org.openqa.selenium.remote.ErrorHandler.throwIfResponseFailed(ErrorHandler.java:166)
at org.openqa.selenium.remote.http.JsonHttpResponseCodec.reconstructValue(JsonHttpResponseCodec.java:40)
at org.openqa.selenium.remote.http.AbstractHttpResponseCodec.decode(AbstractHttpResponseCodec.java:80)
at org.openqa.selenium.remote.http.AbstractHttpResponseCodec.decode(AbstractHttpResponseCodec.java:44)
at org.openqa.selenium.remote.HttpCommandExecutor.execute(HttpCommandExecutor.java:158)
at org.openqa.selenium.remote.service.DriverCommandExecutor.execute(DriverCommandExecutor.java:83)
at org.openqa.selenium.remote.RemoteWebDriver.execute(RemoteWebDriver.java:552)
at org.openqa.selenium.remote.RemoteWebDriver.get(RemoteWebDriver.java:277)
at base.CommonAPI.setUp(CommonAPI.java:45)
at sun.reflect.NativeMethodAccessorImpl.invoke0(Native Method)
at sun.reflect.NativeMethodAccessorImpl.invoke(NativeMethodAccessorImpl.java:62)
at sun.reflect.DelegatingMethodAccessorImpl.invoke(DelegatingMethodAccessorImpl.java:43)
at java.lang.reflect.Method.invoke(Method.java:498)
at org.testng.internal.MethodInvocationHelper.invokeMethod(MethodInvocationHelper.java:124)
at org.testng.internal.MethodInvocationHelper.invokeMethodConsideringTimeout(MethodInvocationHelper.java:59)
at org.testng.internal.Invoker.invokeConfigurationMethod(Invoker.java:458)
at org.testng.internal.Invoker.invokeConfigurations(Invoker.java:222)
at org.testng.internal.Invoker.invokeMethod(Invoker.java:523)
at org.testng.internal.Invoker.invokeTestMethod(Invoker.java:719)
at org.testng.internal.Invoker.invokeTestMethods(Invoker.java:989)
at org.testng.internal.TestMethodWorker.invokeTestMethods(TestMethodWorker.java:125)
at org.testng.internal.TestMethodWorker.run(TestMethodWorker.java:109)
at org.testng.TestRunner.privateRun(TestRunner.java:648)
at org.testng.TestRunner.run(TestRunner.java:505)
at org.testng.SuiteRunner.runTest(SuiteRunner.java:455)
at org.testng.SuiteRunner.runSequentially(SuiteRunner.java:450)
at org.testng.SuiteRunner.privateRun(SuiteRunner.java:415)
at org.testng.SuiteRunner.run(SuiteRunner.java:364)
at org.testng.SuiteRunnerWorker.runSuite(SuiteRunnerWorker.java:52)
at org.testng.SuiteRunnerWorker.run(SuiteRunnerWorker.java:84)
at org.testng.TestNG.runSuitesSequentially(TestNG.java:1208)
at org.testng.TestNG.runSuitesLocally(TestNG.java:1137)
at org.testng.TestNG.runSuites(TestNG.java:1049)
at org.testng.TestNG.run(TestNG.java:1017)
at org.apache.maven.surefire.testng.TestNGExecutor.run(TestNGExecutor.java:283)
at org.apache.maven.surefire.testng.TestNGXmlTestSuite.execute(TestNGXmlTestSuite.java:75)
at org.apache.maven.surefire.testng.TestNGProvider.invoke(TestNGProvider.java:120)
at org.apache.maven.surefire.booter.ForkedBooter.invokeProviderInSameClassLoader(ForkedBooter.java:384)
at org.apache.maven.surefire.booter.ForkedBooter.runSuitesInProcess(ForkedBooter.java:345)
at org.apache.maven.surefire.booter.ForkedBooter.execute(ForkedBooter.java:126)
at org.apache.maven.surefire.booter.ForkedBooter.main(ForkedBooter.java:418)
]]>
    </error>
  </testcase> <!-- setUp -->
  <testcase name="testYourLists" time="0.000" classname="testamazonpages.TestHomePageAmazon">
    <skipped/>
  </testcase> <!-- testYourLists -->
  <testcase name="testNavigation" time="0.000" classname="testamazonpages.TestHomePageAmazon">
    <skipped/>
  </testcase> <!-- testNavigation -->
  <testcase name="testSignInLink" time="0.000" classname="testamazonpages.TestHomePageAmazon">
    <skipped/>
  </testcase> <!-- testSignInLink -->
  <testcase name="testSearchResults" time="0.000" classname="testamazonpages.TestHomePageAmazon">
    <skipped/>
  </testcase> <!-- testSearchResults -->
  <testcase name="testSearchForItemsMongo" time="0.000" classname="testamazonpages.TestHomePageAmazon">
    <skipped/>
  </testcase> <!-- testSearchForItemsMongo -->
  <testcase name="testCheckboxesInGiftCards" time="0.000" classname="testamazonpages.TestHomePageAmazon">
    <skipped/>
  </testcase> <!-- testCheckboxesInGiftCards -->
  <testcase name="testGetPrimePageTabs" time="0.000" classname="testamazonpages.TestHomePageAmazon">
    <skipped/>
  </testcase> <!-- testGetPrimePageTabs -->
  <testcase name="testUpperRightLink" time="0.000" classname="testamazonpages.TestHomePageAmazon">
    <skipped/>
  </testcase> <!-- testUpperRightLink -->
  <testcase name="testSearchItemsSql" time="0.000" classname="testamazonpages.TestHomePageAmazon">
    <skipped/>
  </testcase> <!-- testSearchItemsSql -->
  <testcase name="testPrimePageTable" time="0.000" classname="testamazonpages.TestHomePageAmazon">
    <skipped/>
  </testcase> <!-- testPrimePageTable -->
  <testcase name="testExaternalLinks" time="0.000" classname="testamazonpages.TestHomePageAmazon">
    <skipped/>
  </testcase> <!-- testExaternalLinks -->
  <testcase name="testInternalLinks" time="0.000" classname="testamazonpages.TestHomePageAmazon">
    <skipped/>
  </testcase> <!-- testInternalLinks -->
  <testcase name="testSearchButton" time="0.000" classname="testamazonpages.TestHomePageAmazon">
    <skipped/>
  </testcase> <!-- testSearchButton -->
  <testcase name="testInvalidAccountSignIn" time="0.000" classname="testamazonpages.TestHomePageAmazon">
    <skipped/>
  </testcase> <!-- testInvalidAccountSignIn -->
  <testcase name="testSetDropdown" time="0.000" classname="testamazonpages.TestHomePageAmazon">
    <skipped/>
  </testcase> <!-- testSetDropdown -->
  <testcase name="testIFrameExample" time="0.000" classname="testamazonpages.TestHomePageAmazon">
    <skipped/>
  </testcase> <!-- testIFrameExample -->
  <testcase name="testClickLangSettings" time="0.000" classname="testamazonpages.TestHomePageAmazon">
    <skipped/>
  </testcase> <!-- testClickLangSettings -->
  <testcase name="testInvalidAccountSignIn" time="0.000" classname="testamazonpages.TestHomePageAmazon">
    <skipped/>
  </testcase> <!-- testInvalidAccountSignIn -->
  <testcase name="testPrimeLink" time="0.000" classname="testamazonpages.TestHomePageAmazon">
    <skipped/>
  </testcase> <!-- testPrimeLink -->
  <testcase name="testSearchForItems" time="0.000" classname="testamazonpages.TestHomePageAmazon">
    <skipped/>
  </testcase> <!-- testSearchForItems -->
  <testcase name="testGetDropdownOptions" time="0.000" classname="testamazonpages.TestHomePageAmazon">
    <skipped/>
  </testcase> <!-- testGetDropdownOptions -->
  <testcase name="testImagePresent" time="0.000" classname="testamazonpages.TestHomePageAmazon">
    <skipped/>
  </testcase> <!-- testImagePresent -->
  <testcase name="testAddToCart" time="0.000" classname="testamazonpages.TestHomePageAmazon">
    <skipped/>
  </testcase> <!-- testAddToCart -->
  <testcase name="testYourAccountLists" time="0.000" classname="testamazonpages.TestHomePageAmazon">
    <skipped/>
  </testcase> <!-- testYourAccountLists -->
</testsuite> <!-- testamazonpages.TestHomePageAmazon -->
