<?xml version="1.0" encoding="UTF-8"?>
<!-- Generated by org.testng.reporters.JUnitReportReporter -->
<testsuite skipped="0" hostname="Anikas-MBP" name="testamazonpages.TestHomePageAmazon" tests="1" failures="0" timestamp="18 Mar 2019 11:39:09 GMT" time="8.511" errors="0">
  <testcase name="testSearchForItems" time="8.511" classname="testamazonpages.TestHomePageAmazon"/>
</testsuite> <!-- testamazonpages.TestHomePageAmazon -->
