<?xml version="1.0" encoding="UTF-8"?>
<!-- Generated by org.testng.reporters.JUnitReportReporter -->
<testsuite skipped="0" hostname="Anikas-MBP" name="testamazonpages.TestHomePageAmazon" tests="25" failures="0" timestamp="24 Mar 2019 07:28:11 GMT" time="517.682" errors="1">
  <testcase name="testAdFeedbackWindow" time="9.758" classname="testamazonpages.TestHomePageAmazon"/>
  <testcase name="testCheckboxesInGiftCards" time="29.121" classname="testamazonpages.TestHomePageAmazon"/>
  <testcase name="testNavigation" time="9.025" classname="testamazonpages.TestHomePageAmazon"/>
  <testcase name="testExaternalLinks" time="130.158" classname="testamazonpages.TestHomePageAmazon"/>
  <testcase name="testSearchResults" time="7.382" classname="testamazonpages.TestHomePageAmazon"/>
  <testcase name="testGetDropdownOptions" time="6.260" classname="testamazonpages.TestHomePageAmazon"/>
  <testcase name="testSignInLink" time="4.149" classname="testamazonpages.TestHomePageAmazon"/>
  <testcase name="testInvalidAccountSignIn" time="9.689" classname="testamazonpages.TestHomePageAmazon"/>
  <testcase name="testGetPrimePageTabs" time="14.693" classname="testamazonpages.TestHomePageAmazon"/>
  <testcase name="testImagePresent" time="5.524" classname="testamazonpages.TestHomePageAmazon"/>
  <testcase name="testSearchForItemsMongo" time="5.795" classname="testamazonpages.TestHomePageAmazon"/>
  <testcase name="testYourLists" time="10.259" classname="testamazonpages.TestHomePageAmazon"/>
  <testcase name="testPrimePageTable" time="41.177" classname="testamazonpages.TestHomePageAmazon"/>
  <testcase name="testSetDropdown" time="7.916" classname="testamazonpages.TestHomePageAmazon"/>
  <testcase name="testPrimeLink" time="10.944" classname="testamazonpages.TestHomePageAmazon"/>
  <testcase name="testIFrameExample" time="8.439" classname="testamazonpages.TestHomePageAmazon"/>
  <testcase name="testClickLangSettings" time="21.112" classname="testamazonpages.TestHomePageAmazon"/>
  <testcase name="testSearchButton" time="8.493" classname="testamazonpages.TestHomePageAmazon"/>
  <testcase name="testSearchForItems" time="11.296" classname="testamazonpages.TestHomePageAmazon"/>
  <testcase name="testUpperRightLink" time="7.110" classname="testamazonpages.TestHomePageAmazon"/>
  <testcase name="testInvalidAccountSignIn" time="10.981" classname="testamazonpages.TestHomePageAmazon"/>
  <testcase name="testInternalLinks" time="108.845" classname="testamazonpages.TestHomePageAmazon"/>
  <testcase name="testAddToCart" time="20.843" classname="testamazonpages.TestHomePageAmazon"/>
  <testcase name="testYourAccountLists" time="13.004" classname="testamazonpages.TestHomePageAmazon"/>
  <testcase name="testSearchItemsSql" time="5.709" classname="testamazonpages.TestHomePageAmazon">
    <error type="java.lang.NullPointerException">
      <![CDATA[java.lang.NullPointerException
at testamazonpages.TestHomePageAmazon.testSearchItemsSql(TestHomePageAmazon.java:60)
at sun.reflect.NativeMethodAccessorImpl.invoke0(Native Method)
at sun.reflect.NativeMethodAccessorImpl.invoke(NativeMethodAccessorImpl.java:62)
at sun.reflect.DelegatingMethodAccessorImpl.invoke(DelegatingMethodAccessorImpl.java:43)
at java.lang.reflect.Method.invoke(Method.java:498)
at org.testng.internal.MethodInvocationHelper.invokeMethod(MethodInvocationHelper.java:124)
at org.testng.internal.Invoker.invokeMethod(Invoker.java:583)
at org.testng.internal.Invoker.invokeTestMethod(Invoker.java:719)
at org.testng.internal.Invoker.invokeTestMethods(Invoker.java:989)
at org.testng.internal.TestMethodWorker.invokeTestMethods(TestMethodWorker.java:125)
at org.testng.internal.TestMethodWorker.run(TestMethodWorker.java:109)
at org.testng.TestRunner.privateRun(TestRunner.java:648)
at org.testng.TestRunner.run(TestRunner.java:505)
at org.testng.SuiteRunner.runTest(SuiteRunner.java:455)
at org.testng.SuiteRunner.runSequentially(SuiteRunner.java:450)
at org.testng.SuiteRunner.privateRun(SuiteRunner.java:415)
at org.testng.SuiteRunner.run(SuiteRunner.java:364)
at org.testng.SuiteRunnerWorker.runSuite(SuiteRunnerWorker.java:52)
at org.testng.SuiteRunnerWorker.run(SuiteRunnerWorker.java:84)
at org.testng.TestNG.runSuitesSequentially(TestNG.java:1208)
at org.testng.TestNG.runSuitesLocally(TestNG.java:1137)
at org.testng.TestNG.runSuites(TestNG.java:1049)
at org.testng.TestNG.run(TestNG.java:1017)
at org.apache.maven.surefire.testng.TestNGExecutor.run(TestNGExecutor.java:283)
at org.apache.maven.surefire.testng.TestNGXmlTestSuite.execute(TestNGXmlTestSuite.java:75)
at org.apache.maven.surefire.testng.TestNGProvider.invoke(TestNGProvider.java:120)
at org.apache.maven.surefire.booter.ForkedBooter.invokeProviderInSameClassLoader(ForkedBooter.java:384)
at org.apache.maven.surefire.booter.ForkedBooter.runSuitesInProcess(ForkedBooter.java:345)
at org.apache.maven.surefire.booter.ForkedBooter.execute(ForkedBooter.java:126)
at org.apache.maven.surefire.booter.ForkedBooter.main(ForkedBooter.java:418)
]]>
    </error>
  </testcase> <!-- testSearchItemsSql -->
</testsuite> <!-- testamazonpages.TestHomePageAmazon -->
