<?xml version="1.0" encoding="UTF-8"?>
<!-- Generated by org.testng.reporters.JUnitReportReporter -->
<testsuite skipped="0" hostname="Varijas-MacBook-Pro.local" name="testamazonpages.TestHomePageAmazon" tests="25" failures="0" timestamp="23 Mar 2019 22:32:40 GMT" time="445.853" errors="0">
  <testcase name="testImagePresent" time="5.321" classname="testamazonpages.TestHomePageAmazon"/>
  <testcase name="testPrimePageTable" time="36.386" classname="testamazonpages.TestHomePageAmazon"/>
  <testcase name="testYourLists" time="9.863" classname="testamazonpages.TestHomePageAmazon"/>
  <testcase name="testSignInLink" time="5.229" classname="testamazonpages.TestHomePageAmazon"/>
  <testcase name="testSearchItemsSql" time="22.220" classname="testamazonpages.TestHomePageAmazon"/>
  <testcase name="testNavigation" time="7.090" classname="testamazonpages.TestHomePageAmazon"/>
  <testcase name="testInvalidAccountSignIn" time="8.479" classname="testamazonpages.TestHomePageAmazon"/>
  <testcase name="testSearchForItemsMongo" time="21.764" classname="testamazonpages.TestHomePageAmazon"/>
  <testcase name="testSetDropdown" time="6.515" classname="testamazonpages.TestHomePageAmazon"/>
  <testcase name="testSearchResults" time="6.843" classname="testamazonpages.TestHomePageAmazon"/>
  <testcase name="testClickLangSettings" time="15.399" classname="testamazonpages.TestHomePageAmazon"/>
  <testcase name="testGetDropdownOptions" time="6.163" classname="testamazonpages.TestHomePageAmazon"/>
  <testcase name="testYourAccountLists" time="13.635" classname="testamazonpages.TestHomePageAmazon"/>
  <testcase name="testAddToCart" time="22.745" classname="testamazonpages.TestHomePageAmazon"/>
  <testcase name="testIFrameExample" time="7.718" classname="testamazonpages.TestHomePageAmazon"/>
  <testcase name="testUpperRightLink" time="7.889" classname="testamazonpages.TestHomePageAmazon"/>
  <testcase name="testPrimeLink" time="11.611" classname="testamazonpages.TestHomePageAmazon"/>
  <testcase name="testInvalidAccountSignIn" time="8.699" classname="testamazonpages.TestHomePageAmazon"/>
  <testcase name="testSearchForItems" time="9.402" classname="testamazonpages.TestHomePageAmazon"/>
  <testcase name="testExaternalLinks" time="87.730" classname="testamazonpages.TestHomePageAmazon"/>
  <testcase name="testCheckboxesInGiftCards" time="21.755" classname="testamazonpages.TestHomePageAmazon"/>
  <testcase name="testSearchButton" time="11.086" classname="testamazonpages.TestHomePageAmazon"/>
  <testcase name="testInternalLinks" time="69.807" classname="testamazonpages.TestHomePageAmazon"/>
  <testcase name="testAdFeedbackWindow" time="8.215" classname="testamazonpages.TestHomePageAmazon"/>
  <testcase name="testGetPrimePageTabs" time="14.289" classname="testamazonpages.TestHomePageAmazon"/>
</testsuite> <!-- testamazonpages.TestHomePageAmazon -->
