<?xml version="1.0" encoding="UTF-8"?>
<!-- Generated by org.testng.reporters.JUnitReportReporter -->
<testsuite skipped="0" hostname="Varijas-MacBook-Pro.local" name="testpageswellsfargo.TestWFHomePage" tests="1" failures="0" timestamp="24 Mar 2019 08:31:36 GMT" time="9.280" errors="0">
  <testcase name="testSteps" time="9.280" classname="testpageswellsfargo.TestWFHomePage"/>
</testsuite> <!-- testpageswellsfargo.TestWFHomePage -->
