<?xml version="1.0" encoding="UTF-8"?>
<!-- Generated by org.testng.reporters.JUnitReportReporter -->
<testsuite skipped="0" hostname="Anikas-MBP" name="testhomepage.testmenubar.TestSearchBar" tests="3" failures="0" timestamp="24 Mar 2019 07:43:32 GMT" time="60.242" errors="0">
  <testcase name="testClickOnSearchButton" time="12.446" classname="testhomepage.testmenubar.TestSearchBar"/>
  <testcase name="testSearchAndEnter" time="38.993" classname="testhomepage.testmenubar.TestSearchBar"/>
  <testcase name="testSearch" time="8.803" classname="testhomepage.testmenubar.TestSearchBar"/>
</testsuite> <!-- testhomepage.testmenubar.TestSearchBar -->
