<?xml version="1.0" encoding="UTF-8"?>
<!-- Generated by org.testng.reporters.JUnitReportReporter -->
<testsuite skipped="0" hostname="Anikas-MBP" name="testhomepage.testmenubar.testdropdowns.TestNews" tests="2" failures="0" timestamp="24 Mar 2019 07:43:32 GMT" time="53.470" errors="0">
  <testcase name="checkEachDropdownLink" time="47.260" classname="testhomepage.testmenubar.testdropdowns.TestNews"/>
  <testcase name="checkIfDropdownIsVisible" time="6.210" classname="testhomepage.testmenubar.testdropdowns.TestNews"/>
</testsuite> <!-- testhomepage.testmenubar.testdropdowns.TestNews -->
